<?xml version="1.0" encoding="UTF-8"?>
<!-- Generated by org.testng.reporters.JUnitReportReporter -->
<testsuite hostname="Amar" name="com.test.TestB" tests="1" failures="0" timestamp="6 Apr 2017 10:17:33 GMT" time="1.790" errors="0">
  <testcase name="testGooglePageTitleInChrome" time="1.790" classname="com.test.TestB"/>
</testsuite> <!-- com.test.TestB -->
