<?xml version="1.0" encoding="UTF-8"?>
<!-- Generated by org.testng.reporters.JUnitReportReporter -->
<testsuite hostname="Amar" name="com.test.TestA" tests="1" failures="0" timestamp="6 Apr 2017 10:17:33 GMT" time="1.877" errors="0">
  <testcase name="testGooglePageTitleInFirefox" time="1.877" classname="com.test.TestA"/>
</testsuite> <!-- com.test.TestA -->
