<?xml version="1.0" encoding="UTF-8"?>
<!-- Generated by org.testng.reporters.JUnitReportReporter -->
<testsuite hostname="Amar" name="com.test.TestC" tests="1" failures="0" timestamp="6 Apr 2017 10:17:33 GMT" time="2.156" errors="0">
  <testcase name="testGooglePageTitleInIEBrowser" time="2.156" classname="com.test.TestC"/>
</testsuite> <!-- com.test.TestC -->
